<?xml version="1.0" encoding="UTF-8"?>
<!-- Generated by org.testng.reporters.JUnitReportReporter -->
<testsuite skipped="0" hostname="DESKTOP-T1ACPCH" name="com.TestCase.Login.Login_Page" tests="1" failures="0" timestamp="25 Jul 2020 23:01:44 GMT" time="56.601" errors="0">
  <testcase name="Url_Hit" time="56.601" classname="com.TestCase.Login.Login_Page"/>
</testsuite> <!-- com.TestCase.Login.Login_Page -->
